app/build/intermediates/manifest_merge_blame_file/debug/manifest-merger-blame-debug-report.txt
1<?xml version="1.0" encoding="utf-8"?>
2<manifest xmlns:android="http://schemas.android.com/apk/res/android"
3    package="com.example.augmented_reality"
4    android:versionCode="1"
5    android:versionName="1.0" >
6
7    <uses-sdk
8        android:minSdkVersion="24"
8-->src/main/AndroidManifest.xml
9        android:targetSdkVersion="31" />
9-->src/main/AndroidManifest.xml
10
11    <uses-permission android:name="android.permission.CAMERA" />
11-->src/main/AndroidManifest.xml:4:4-63
11-->src/main/AndroidManifest.xml:4:21-61
12
13    <uses-feature
13-->src/main/AndroidManifest.xml:5:5-77
14        android:glEsVersion="0x00030000"
14-->src/main/AndroidManifest.xml:5:19-51
15        android:required="true" />
15-->src/main/AndroidManifest.xml:5:52-75
16    <uses-feature android:name="android.hardware.camera.ar" />
16-->src/main/AndroidManifest.xml:6:5-62
16-->src/main/AndroidManifest.xml:6:19-60
17
18    <queries>
18-->[com.google.ar:core:1.28.0] AndroidManifest.xml:29:5-31:15
19        <package android:name="com.google.ar.core" />
19-->[com.google.ar:core:1.28.0] AndroidManifest.xml:30:9-54
19-->[com.google.ar:core:1.28.0] AndroidManifest.xml:30:18-51
20    </queries>
21
22    <application
22-->src/main/AndroidManifest.xml:8:5-26:19
23        android:allowBackup="true"
23-->src/main/AndroidManifest.xml:9:9-35
24        android:appComponentFactory="androidx.core.app.CoreComponentFactory"
24-->[androidx.core:core:1.7.0] AndroidManifest.xml:24:18-86
25        android:debuggable="true"
26        android:extractNativeLibs="false"
27        android:icon="@mipmap/ic_launcher"
27-->src/main/AndroidManifest.xml:10:9-43
28        android:label="@string/app_name"
28-->src/main/AndroidManifest.xml:11:9-41
29        android:roundIcon="@mipmap/ic_launcher_round"
29-->src/main/AndroidManifest.xml:12:9-54
30        android:supportsRtl="true"
30-->src/main/AndroidManifest.xml:13:9-35
31        android:testOnly="true"
32        android:theme="@style/Theme.Augmented_reality" >
32-->src/main/AndroidManifest.xml:14:9-55
33        <activity
33-->src/main/AndroidManifest.xml:15:9-23:20
34            android:name="com.example.augmented_reality.MainActivity"
34-->src/main/AndroidManifest.xml:16:13-41
35            android:exported="true" >
35-->src/main/AndroidManifest.xml:17:13-36
36            <intent-filter>
36-->src/main/AndroidManifest.xml:18:13-22:29
37                <action android:name="android.intent.action.MAIN" />
37-->src/main/AndroidManifest.xml:19:17-69
37-->src/main/AndroidManifest.xml:19:25-66
38
39                <category android:name="android.intent.category.LAUNCHER" />
39-->src/main/AndroidManifest.xml:21:17-77
39-->src/main/AndroidManifest.xml:21:27-74
40            </intent-filter>
41        </activity>
42
43        <meta-data
43-->src/main/AndroidManifest.xml:24:9-80
44            android:name="com.google.ar.core"
44-->src/main/AndroidManifest.xml:24:20-53
45            android:value="required" />
45-->src/main/AndroidManifest.xml:24:54-78
46
47        <!-- The minimal version code of ARCore APK required for an app using this SDK. -->
48        <meta-data
48-->[com.google.ar:core:1.28.0] AndroidManifest.xml:36:9-38:41
49            android:name="com.google.ar.core.min_apk_version"
49-->[com.google.ar:core:1.28.0] AndroidManifest.xml:37:13-62
50            android:value="212430000" /> <!-- This activity is critical for installing ARCore when it is not already present. -->
50-->[com.google.ar:core:1.28.0] AndroidManifest.xml:38:13-38
51        <activity
51-->[com.google.ar:core:1.28.0] AndroidManifest.xml:40:9-46:80
52            android:name="com.google.ar.core.InstallActivity"
52-->[com.google.ar:core:1.28.0] AndroidManifest.xml:41:13-62
53            android:configChanges="keyboardHidden|orientation|screenSize"
53-->[com.google.ar:core:1.28.0] AndroidManifest.xml:42:13-74
54            android:excludeFromRecents="true"
54-->[com.google.ar:core:1.28.0] AndroidManifest.xml:43:13-46
55            android:exported="false"
55-->[com.google.ar:core:1.28.0] AndroidManifest.xml:44:13-37
56            android:launchMode="singleTop"
56-->[com.google.ar:core:1.28.0] AndroidManifest.xml:45:13-43
57            android:theme="@android:style/Theme.Material.Light.Dialog.Alert" />
57-->[com.google.ar:core:1.28.0] AndroidManifest.xml:46:13-77
58    </application>
59
60</manifest>